<?xml version="1.0" encoding="UTF-8"?>
<!-- Generated by org.testng.reporters.JUnitXMLReporter -->
<testsuite hostname="KaVi-KRC69E0" ignored="1" name="Test" tests="2" failures="0" timestamp="19 Aug 2019 14:14:36 GMT" time="0.065" errors="0">
  <testcase name="Launch" time="0.02" classname="org.testng.New"/>
  <testcase name="Start" time="0.002" classname="org.testng.New"/>
  <testcase name="Close" time="0.0" classname="org.testng.New">
    <ignored/>
  </testcase> <!-- Close -->
</testsuite> <!-- Test -->
